2019-12-26 09:59:10,141 INFO org.springframework.boot.StartupInfoLogger [restartedMain] Starting SpringBootDemoApplication on youngbae-kwon with PID 18932 (D:\workspace\spring-boot-demo\target\classes started by youngbae.kwon in D:\workspace\spring-boot-demo)
2019-12-26 09:59:10,144 INFO org.springframework.boot.SpringApplication [restartedMain] No active profile set, falling back to default profiles: default
2019-12-26 09:59:10,202 INFO org.springframework.boot.logging.DeferredLog [restartedMain] Devtools property defaults active! Set 'spring.devtools.add-properties' to 'false' to disable
2019-12-26 09:59:10,203 INFO org.springframework.boot.logging.DeferredLog [restartedMain] For additional web related logging consider setting the 'logging.level.web' property to 'DEBUG'
2019-12-26 09:59:10,860 INFO org.springframework.boot.web.embedded.tomcat.TomcatWebServer [restartedMain] Tomcat initialized with port(s): 8080 (http)
2019-12-26 09:59:10,866 INFO org.apache.juli.logging.DirectJDKLog [restartedMain] Initializing ProtocolHandler ["http-nio-8080"]
2019-12-26 09:59:10,866 INFO org.apache.juli.logging.DirectJDKLog [restartedMain] Starting service [Tomcat]
2019-12-26 09:59:10,867 INFO org.apache.juli.logging.DirectJDKLog [restartedMain] Starting Servlet engine: [Apache Tomcat/9.0.29]
2019-12-26 09:59:10,954 INFO org.apache.juli.logging.DirectJDKLog [restartedMain] Initializing Spring embedded WebApplicationContext
2019-12-26 09:59:10,955 INFO org.springframework.boot.web.servlet.context.ServletWebServerApplicationContext [restartedMain] Root WebApplicationContext: initialization completed in 743 ms
2019-12-26 09:59:11,071 INFO org.springframework.scheduling.concurrent.ExecutorConfigurationSupport [restartedMain] Initializing ExecutorService 'applicationTaskExecutor'
2019-12-26 09:59:11,111 INFO org.springframework.boot.autoconfigure.web.servlet.WelcomePageHandlerMapping [restartedMain] Adding welcome page template: index
2019-12-26 09:59:11,144 WARN org.thymeleaf.templatemode.TemplateMode [restartedMain] [THYMELEAF][restartedMain] Template Mode 'HTML5' is deprecated. Using Template Mode 'HTML' instead.
2019-12-26 09:59:11,195 INFO org.springframework.boot.devtools.autoconfigure.OptionalLiveReloadServer [restartedMain] LiveReload server is running on port 35729
2019-12-26 09:59:11,212 INFO org.apache.juli.logging.DirectJDKLog [restartedMain] Starting ProtocolHandler ["http-nio-8080"]
2019-12-26 09:59:11,228 INFO org.springframework.boot.web.embedded.tomcat.TomcatWebServer [restartedMain] Tomcat started on port(s): 8080 (http) with context path ''
2019-12-26 09:59:11,231 INFO org.springframework.boot.StartupInfoLogger [restartedMain] Started SpringBootDemoApplication in 1.352 seconds (JVM running for 2.55)
2019-12-26 09:59:15,347 INFO org.apache.juli.logging.DirectJDKLog [http-nio-8080-exec-1] Initializing Spring DispatcherServlet 'dispatcherServlet'
2019-12-26 09:59:15,347 INFO org.springframework.web.servlet.FrameworkServlet [http-nio-8080-exec-1] Initializing Servlet 'dispatcherServlet'
2019-12-26 09:59:15,352 INFO org.springframework.web.servlet.FrameworkServlet [http-nio-8080-exec-1] Completed initialization in 4 ms
2019-12-26 09:59:15,370 INFO com.bps.demo.web.CityController [http-nio-8080-exec-1] access date : 2019-12-26 09:59:15, remoteIp : 0:0:0:0:0:0:0:1, userId : 123455666, userName : HongGilDong, addr : Seoul Korea
2019-12-26 09:59:23,174 INFO com.bps.demo.web.CityController [http-nio-8080-exec-2] access date : 2019-12-26 09:59:23, remoteIp : 0:0:0:0:0:0:0:1, userId : 123455666, userName : HongGilDong, addr : Seoul Korea
2019-12-26 15:50:07,349 INFO com.bps.demo.web.CityController [http-nio-8080-exec-4] access date : 2019-12-26 15:50:07, remoteIp : 0:0:0:0:0:0:0:1, userId : 123455666, userName : HongGilDong, addr : Seoul Korea
2019-12-26 16:45:49,931 INFO com.bps.demo.web.CityController [http-nio-8080-exec-6] access date : 2019-12-26 16:45:49, remoteIp : 0:0:0:0:0:0:0:1, userId : 123455666, userName : HongGilDong, addr : Seoul Korea
2019-12-26 16:45:50,006 INFO com.bps.demo.web.CityController [http-nio-8080-exec-8] access date : 2019-12-26 16:45:50, remoteIp : 0:0:0:0:0:0:0:1, userId : 123455666, userName : HongGilDong, addr : Seoul Korea
2019-12-26 16:45:50,088 INFO com.bps.demo.web.CityController [http-nio-8080-exec-10] access date : 2019-12-26 16:45:50, remoteIp : 0:0:0:0:0:0:0:1, userId : 123455666, userName : HongGilDong, addr : Seoul Korea
2019-12-26 16:45:50,172 INFO com.bps.demo.web.CityController [http-nio-8080-exec-2] access date : 2019-12-26 16:45:50, remoteIp : 0:0:0:0:0:0:0:1, userId : 123455666, userName : HongGilDong, addr : Seoul Korea
2019-12-26 16:45:50,245 INFO com.bps.demo.web.CityController [http-nio-8080-exec-4] access date : 2019-12-26 16:45:50, remoteIp : 0:0:0:0:0:0:0:1, userId : 123455666, userName : HongGilDong, addr : Seoul Korea
2019-12-26 16:45:50,328 INFO com.bps.demo.web.CityController [http-nio-8080-exec-6] access date : 2019-12-26 16:45:50, remoteIp : 0:0:0:0:0:0:0:1, userId : 123455666, userName : HongGilDong, addr : Seoul Korea
2019-12-26 16:45:50,408 INFO com.bps.demo.web.CityController [http-nio-8080-exec-8] access date : 2019-12-26 16:45:50, remoteIp : 0:0:0:0:0:0:0:1, userId : 123455666, userName : HongGilDong, addr : Seoul Korea
2019-12-26 16:45:50,479 INFO com.bps.demo.web.CityController [http-nio-8080-exec-10] access date : 2019-12-26 16:45:50, remoteIp : 0:0:0:0:0:0:0:1, userId : 123455666, userName : HongGilDong, addr : Seoul Korea
2019-12-26 16:45:50,552 INFO com.bps.demo.web.CityController [http-nio-8080-exec-2] access date : 2019-12-26 16:45:50, remoteIp : 0:0:0:0:0:0:0:1, userId : 123455666, userName : HongGilDong, addr : Seoul Korea
2019-12-26 16:45:50,622 INFO com.bps.demo.web.CityController [http-nio-8080-exec-4] access date : 2019-12-26 16:45:50, remoteIp : 0:0:0:0:0:0:0:1, userId : 123455666, userName : HongGilDong, addr : Seoul Korea
2019-12-26 16:45:50,702 INFO com.bps.demo.web.CityController [http-nio-8080-exec-6] access date : 2019-12-26 16:45:50, remoteIp : 0:0:0:0:0:0:0:1, userId : 123455666, userName : HongGilDong, addr : Seoul Korea
2019-12-26 16:45:50,783 INFO com.bps.demo.web.CityController [http-nio-8080-exec-8] access date : 2019-12-26 16:45:50, remoteIp : 0:0:0:0:0:0:0:1, userId : 123455666, userName : HongGilDong, addr : Seoul Korea
2019-12-26 16:45:50,857 INFO com.bps.demo.web.CityController [http-nio-8080-exec-10] access date : 2019-12-26 16:45:50, remoteIp : 0:0:0:0:0:0:0:1, userId : 123455666, userName : HongGilDong, addr : Seoul Korea
2019-12-26 16:45:50,928 INFO com.bps.demo.web.CityController [http-nio-8080-exec-2] access date : 2019-12-26 16:45:50, remoteIp : 0:0:0:0:0:0:0:1, userId : 123455666, userName : HongGilDong, addr : Seoul Korea
2019-12-26 16:45:51,009 INFO com.bps.demo.web.CityController [http-nio-8080-exec-4] access date : 2019-12-26 16:45:51, remoteIp : 0:0:0:0:0:0:0:1, userId : 123455666, userName : HongGilDong, addr : Seoul Korea
2019-12-26 16:45:51,090 INFO com.bps.demo.web.CityController [http-nio-8080-exec-6] access date : 2019-12-26 16:45:51, remoteIp : 0:0:0:0:0:0:0:1, userId : 123455666, userName : HongGilDong, addr : Seoul Korea
2019-12-26 16:45:51,169 INFO com.bps.demo.web.CityController [http-nio-8080-exec-8] access date : 2019-12-26 16:45:51, remoteIp : 0:0:0:0:0:0:0:1, userId : 123455666, userName : HongGilDong, addr : Seoul Korea
2019-12-26 16:45:51,248 INFO com.bps.demo.web.CityController [http-nio-8080-exec-10] access date : 2019-12-26 16:45:51, remoteIp : 0:0:0:0:0:0:0:1, userId : 123455666, userName : HongGilDong, addr : Seoul Korea
2019-12-26 16:45:51,331 INFO com.bps.demo.web.CityController [http-nio-8080-exec-2] access date : 2019-12-26 16:45:51, remoteIp : 0:0:0:0:0:0:0:1, userId : 123455666, userName : HongGilDong, addr : Seoul Korea
2019-12-26 16:45:51,413 INFO com.bps.demo.web.CityController [http-nio-8080-exec-4] access date : 2019-12-26 16:45:51, remoteIp : 0:0:0:0:0:0:0:1, userId : 123455666, userName : HongGilDong, addr : Seoul Korea
2019-12-26 16:45:51,492 INFO com.bps.demo.web.CityController [http-nio-8080-exec-6] access date : 2019-12-26 16:45:51, remoteIp : 0:0:0:0:0:0:0:1, userId : 123455666, userName : HongGilDong, addr : Seoul Korea
2019-12-26 16:45:51,572 INFO com.bps.demo.web.CityController [http-nio-8080-exec-8] access date : 2019-12-26 16:45:51, remoteIp : 0:0:0:0:0:0:0:1, userId : 123455666, userName : HongGilDong, addr : Seoul Korea
2019-12-26 16:45:51,642 INFO com.bps.demo.web.CityController [http-nio-8080-exec-10] access date : 2019-12-26 16:45:51, remoteIp : 0:0:0:0:0:0:0:1, userId : 123455666, userName : HongGilDong, addr : Seoul Korea
2019-12-26 16:45:51,723 INFO com.bps.demo.web.CityController [http-nio-8080-exec-2] access date : 2019-12-26 16:45:51, remoteIp : 0:0:0:0:0:0:0:1, userId : 123455666, userName : HongGilDong, addr : Seoul Korea
2019-12-26 16:45:51,802 INFO com.bps.demo.web.CityController [http-nio-8080-exec-4] access date : 2019-12-26 16:45:51, remoteIp : 0:0:0:0:0:0:0:1, userId : 123455666, userName : HongGilDong, addr : Seoul Korea
2019-12-26 16:45:51,883 INFO com.bps.demo.web.CityController [http-nio-8080-exec-6] access date : 2019-12-26 16:45:51, remoteIp : 0:0:0:0:0:0:0:1, userId : 123455666, userName : HongGilDong, addr : Seoul Korea
2019-12-26 16:45:51,970 INFO com.bps.demo.web.CityController [http-nio-8080-exec-8] access date : 2019-12-26 16:45:51, remoteIp : 0:0:0:0:0:0:0:1, userId : 123455666, userName : HongGilDong, addr : Seoul Korea
2019-12-26 16:45:52,047 INFO com.bps.demo.web.CityController [http-nio-8080-exec-10] access date : 2019-12-26 16:45:52, remoteIp : 0:0:0:0:0:0:0:1, userId : 123455666, userName : HongGilDong, addr : Seoul Korea
2019-12-26 16:45:52,117 INFO com.bps.demo.web.CityController [http-nio-8080-exec-2] access date : 2019-12-26 16:45:52, remoteIp : 0:0:0:0:0:0:0:1, userId : 123455666, userName : HongGilDong, addr : Seoul Korea
2019-12-26 16:45:52,187 INFO com.bps.demo.web.CityController [http-nio-8080-exec-4] access date : 2019-12-26 16:45:52, remoteIp : 0:0:0:0:0:0:0:1, userId : 123455666, userName : HongGilDong, addr : Seoul Korea
2019-12-26 16:45:52,262 INFO com.bps.demo.web.CityController [http-nio-8080-exec-5] access date : 2019-12-26 16:45:52, remoteIp : 0:0:0:0:0:0:0:1, userId : 123455666, userName : HongGilDong, addr : Seoul Korea
2019-12-26 16:45:52,332 INFO com.bps.demo.web.CityController [http-nio-8080-exec-7] access date : 2019-12-26 16:45:52, remoteIp : 0:0:0:0:0:0:0:1, userId : 123455666, userName : HongGilDong, addr : Seoul Korea
2019-12-26 16:45:52,410 INFO com.bps.demo.web.CityController [http-nio-8080-exec-9] access date : 2019-12-26 16:45:52, remoteIp : 0:0:0:0:0:0:0:1, userId : 123455666, userName : HongGilDong, addr : Seoul Korea
2019-12-26 16:45:52,492 INFO com.bps.demo.web.CityController [http-nio-8080-exec-1] access date : 2019-12-26 16:45:52, remoteIp : 0:0:0:0:0:0:0:1, userId : 123455666, userName : HongGilDong, addr : Seoul Korea
2019-12-26 17:24:42,658 INFO com.bps.demo.web.CityController [http-nio-8080-exec-3] access date : 2019-12-26 17:24:42, remoteIp : 0:0:0:0:0:0:0:1, userId : 123455666, userName : HongGilDong, addr : Seoul Korea
2019-12-26 17:24:42,738 INFO com.bps.demo.web.CityController [http-nio-8080-exec-5] access date : 2019-12-26 17:24:42, remoteIp : 0:0:0:0:0:0:0:1, userId : 123455666, userName : HongGilDong, addr : Seoul Korea
2019-12-26 17:24:42,809 INFO com.bps.demo.web.CityController [http-nio-8080-exec-7] access date : 2019-12-26 17:24:42, remoteIp : 0:0:0:0:0:0:0:1, userId : 123455666, userName : HongGilDong, addr : Seoul Korea
2019-12-26 17:24:42,880 INFO com.bps.demo.web.CityController [http-nio-8080-exec-9] access date : 2019-12-26 17:24:42, remoteIp : 0:0:0:0:0:0:0:1, userId : 123455666, userName : HongGilDong, addr : Seoul Korea
2019-12-26 17:24:42,950 INFO com.bps.demo.web.CityController [http-nio-8080-exec-1] access date : 2019-12-26 17:24:42, remoteIp : 0:0:0:0:0:0:0:1, userId : 123455666, userName : HongGilDong, addr : Seoul Korea
2019-12-26 17:24:43,018 INFO com.bps.demo.web.CityController [http-nio-8080-exec-3] access date : 2019-12-26 17:24:43, remoteIp : 0:0:0:0:0:0:0:1, userId : 123455666, userName : HongGilDong, addr : Seoul Korea
2019-12-26 17:24:43,090 INFO com.bps.demo.web.CityController [http-nio-8080-exec-5] access date : 2019-12-26 17:24:43, remoteIp : 0:0:0:0:0:0:0:1, userId : 123455666, userName : HongGilDong, addr : Seoul Korea
2019-12-26 17:24:43,159 INFO com.bps.demo.web.CityController [http-nio-8080-exec-7] access date : 2019-12-26 17:24:43, remoteIp : 0:0:0:0:0:0:0:1, userId : 123455666, userName : HongGilDong, addr : Seoul Korea
2019-12-26 17:24:43,230 INFO com.bps.demo.web.CityController [http-nio-8080-exec-9] access date : 2019-12-26 17:24:43, remoteIp : 0:0:0:0:0:0:0:1, userId : 123455666, userName : HongGilDong, addr : Seoul Korea
2019-12-26 17:24:43,301 INFO com.bps.demo.web.CityController [http-nio-8080-exec-1] access date : 2019-12-26 17:24:43, remoteIp : 0:0:0:0:0:0:0:1, userId : 123455666, userName : HongGilDong, addr : Seoul Korea
2019-12-26 17:24:43,371 INFO com.bps.demo.web.CityController [http-nio-8080-exec-3] access date : 2019-12-26 17:24:43, remoteIp : 0:0:0:0:0:0:0:1, userId : 123455666, userName : HongGilDong, addr : Seoul Korea
2019-12-26 17:24:43,442 INFO com.bps.demo.web.CityController [http-nio-8080-exec-5] access date : 2019-12-26 17:24:43, remoteIp : 0:0:0:0:0:0:0:1, userId : 123455666, userName : HongGilDong, addr : Seoul Korea
2019-12-26 17:24:43,511 INFO com.bps.demo.web.CityController [http-nio-8080-exec-7] access date : 2019-12-26 17:24:43, remoteIp : 0:0:0:0:0:0:0:1, userId : 123455666, userName : HongGilDong, addr : Seoul Korea
2019-12-26 17:24:43,581 INFO com.bps.demo.web.CityController [http-nio-8080-exec-9] access date : 2019-12-26 17:24:43, remoteIp : 0:0:0:0:0:0:0:1, userId : 123455666, userName : HongGilDong, addr : Seoul Korea
2019-12-26 17:24:43,651 INFO com.bps.demo.web.CityController [http-nio-8080-exec-1] access date : 2019-12-26 17:24:43, remoteIp : 0:0:0:0:0:0:0:1, userId : 123455666, userName : HongGilDong, addr : Seoul Korea
2019-12-26 17:24:43,721 INFO com.bps.demo.web.CityController [http-nio-8080-exec-3] access date : 2019-12-26 17:24:43, remoteIp : 0:0:0:0:0:0:0:1, userId : 123455666, userName : HongGilDong, addr : Seoul Korea
2019-12-26 17:24:43,788 INFO com.bps.demo.web.CityController [http-nio-8080-exec-5] access date : 2019-12-26 17:24:43, remoteIp : 0:0:0:0:0:0:0:1, userId : 123455666, userName : HongGilDong, addr : Seoul Korea
2019-12-26 17:24:43,857 INFO com.bps.demo.web.CityController [http-nio-8080-exec-7] access date : 2019-12-26 17:24:43, remoteIp : 0:0:0:0:0:0:0:1, userId : 123455666, userName : HongGilDong, addr : Seoul Korea
2019-12-26 17:24:43,942 INFO com.bps.demo.web.CityController [http-nio-8080-exec-9] access date : 2019-12-26 17:24:43, remoteIp : 0:0:0:0:0:0:0:1, userId : 123455666, userName : HongGilDong, addr : Seoul Korea
2019-12-26 17:24:44,013 INFO com.bps.demo.web.CityController [http-nio-8080-exec-1] access date : 2019-12-26 17:24:44, remoteIp : 0:0:0:0:0:0:0:1, userId : 123455666, userName : HongGilDong, addr : Seoul Korea
2019-12-26 17:24:44,082 INFO com.bps.demo.web.CityController [http-nio-8080-exec-2] access date : 2019-12-26 17:24:44, remoteIp : 0:0:0:0:0:0:0:1, userId : 123455666, userName : HongGilDong, addr : Seoul Korea
2019-12-26 17:24:44,160 INFO com.bps.demo.web.CityController [http-nio-8080-exec-4] access date : 2019-12-26 17:24:44, remoteIp : 0:0:0:0:0:0:0:1, userId : 123455666, userName : HongGilDong, addr : Seoul Korea
2019-12-26 17:24:44,229 INFO com.bps.demo.web.CityController [http-nio-8080-exec-6] access date : 2019-12-26 17:24:44, remoteIp : 0:0:0:0:0:0:0:1, userId : 123455666, userName : HongGilDong, addr : Seoul Korea
2019-12-26 17:24:44,302 INFO com.bps.demo.web.CityController [http-nio-8080-exec-8] access date : 2019-12-26 17:24:44, remoteIp : 0:0:0:0:0:0:0:1, userId : 123455666, userName : HongGilDong, addr : Seoul Korea
2019-12-26 17:24:44,384 INFO com.bps.demo.web.CityController [http-nio-8080-exec-10] access date : 2019-12-26 17:24:44, remoteIp : 0:0:0:0:0:0:0:1, userId : 123455666, userName : HongGilDong, addr : Seoul Korea
2019-12-26 17:24:44,453 INFO com.bps.demo.web.CityController [http-nio-8080-exec-2] access date : 2019-12-26 17:24:44, remoteIp : 0:0:0:0:0:0:0:1, userId : 123455666, userName : HongGilDong, addr : Seoul Korea
2019-12-26 17:24:44,528 INFO com.bps.demo.web.CityController [http-nio-8080-exec-4] access date : 2019-12-26 17:24:44, remoteIp : 0:0:0:0:0:0:0:1, userId : 123455666, userName : HongGilDong, addr : Seoul Korea
2019-12-26 17:24:44,599 INFO com.bps.demo.web.CityController [http-nio-8080-exec-6] access date : 2019-12-26 17:24:44, remoteIp : 0:0:0:0:0:0:0:1, userId : 123455666, userName : HongGilDong, addr : Seoul Korea
2019-12-26 17:24:44,680 INFO com.bps.demo.web.CityController [http-nio-8080-exec-8] access date : 2019-12-26 17:24:44, remoteIp : 0:0:0:0:0:0:0:1, userId : 123455666, userName : HongGilDong, addr : Seoul Korea
2019-12-26 17:24:44,749 INFO com.bps.demo.web.CityController [http-nio-8080-exec-10] access date : 2019-12-26 17:24:44, remoteIp : 0:0:0:0:0:0:0:1, userId : 123455666, userName : HongGilDong, addr : Seoul Korea
2019-12-26 17:24:44,825 INFO com.bps.demo.web.CityController [http-nio-8080-exec-2] access date : 2019-12-26 17:24:44, remoteIp : 0:0:0:0:0:0:0:1, userId : 123455666, userName : HongGilDong, addr : Seoul Korea
2019-12-26 17:24:44,904 INFO com.bps.demo.web.CityController [http-nio-8080-exec-4] access date : 2019-12-26 17:24:44, remoteIp : 0:0:0:0:0:0:0:1, userId : 123455666, userName : HongGilDong, addr : Seoul Korea
2019-12-26 17:24:44,972 INFO com.bps.demo.web.CityController [http-nio-8080-exec-5] access date : 2019-12-26 17:24:44, remoteIp : 0:0:0:0:0:0:0:1, userId : 123455666, userName : HongGilDong, addr : Seoul Korea
2019-12-26 17:24:45,042 INFO com.bps.demo.web.CityController [http-nio-8080-exec-7] access date : 2019-12-26 17:24:45, remoteIp : 0:0:0:0:0:0:0:1, userId : 123455666, userName : HongGilDong, addr : Seoul Korea
2019-12-26 17:27:02,256 INFO org.springframework.boot.admin.SpringApplicationAdminMXBeanRegistrar$SpringApplicationAdmin [RMI TCP Connection(4)-127.0.0.1] Application shutdown requested.
2019-12-26 17:27:02,273 INFO org.springframework.scheduling.concurrent.ExecutorConfigurationSupport [RMI TCP Connection(4)-127.0.0.1] Shutting down ExecutorService 'applicationTaskExecutor'
